Using pre-set license
Built from '2022.3/staging' branch; Version is '2022.3.7f1 (b16b3b16c7a0) revision 11627323'; Using compiler version '192829333'; Build Type 'Release'
OS: 'Windows 10  (10.0.19045) 64bit Professional' Language: 'en' Physical Memory: 32693 MB
BatchMode: 1, IsHumanControllingUs: 0, StartBugReporterOnCrash: 0, Is64bit: 1, IsPro: 1

COMMAND LINE ARGUMENTS:
D:\Unity\2022.3.7f1\Editor\Unity.exe
-adb2
-batchMode
-noUpm
-name
AssetImportWorker7
-projectPath
C:/Users/fits/kebapci
-logFile
Logs/AssetImportWorker7.log
-srvPort
53600
Successfully changed project path to: C:/Users/fits/kebapci
C:/Users/fits/kebapci
[UnityMemory] Configuration Parameters - Can be set up in boot.config
    "memorysetup-bucket-allocator-granularity=16"
    "memorysetup-bucket-allocator-bucket-count=8"
    "memorysetup-bucket-allocator-block-size=33554432"
    "memorysetup-bucket-allocator-block-count=8"
    "memorysetup-main-allocator-block-size=16777216"
    "memorysetup-thread-allocator-block-size=16777216"
    "memorysetup-gfx-main-allocator-block-size=16777216"
    "memorysetup-gfx-thread-allocator-block-size=16777216"
    "memorysetup-cache-allocator-block-size=4194304"
    "memorysetup-typetree-allocator-block-size=2097152"
    "memorysetup-profiler-bucket-allocator-granularity=16"
    "memorysetup-profiler-bucket-allocator-bucket-count=8"
    "memorysetup-profiler-bucket-allocator-block-size=33554432"
    "memorysetup-profiler-bucket-allocator-block-count=8"
    "memorysetup-profiler-allocator-block-size=16777216"
    "memorysetup-profiler-editor-allocator-block-size=1048576"
    "memorysetup-temp-allocator-size-main=16777216"
    "memorysetup-job-temp-allocator-block-size=2097152"
    "memorysetup-job-temp-allocator-block-size-background=1048576"
    "memorysetup-job-temp-allocator-reduction-small-platforms=262144"
    "memorysetup-allocator-temp-initial-block-size-main=262144"
    "memorysetup-allocator-temp-initial-block-size-worker=262144"
    "memorysetup-temp-allocator-size-background-worker=32768"
    "memorysetup-temp-allocator-size-job-worker=262144"
    "memorysetup-temp-allocator-size-preload-manager=33554432"
    "memorysetup-temp-allocator-size-nav-mesh-worker=65536"
    "memorysetup-temp-allocator-size-audio-worker=65536"
    "memorysetup-temp-allocator-size-cloud-worker=32768"
    "memorysetup-temp-allocator-size-gi-baking-worker=262144"
    "memorysetup-temp-allocator-size-gfx=262144"
Player connection [12348] Host "[IP] 192.168.1.33 [Port] 0 [Flags] 2 [Guid] 326315081 [EditorId] 326315081 [Version] 1048832 [Id] WindowsEditor(7,DESKTOP-RNGMGIT) [Debug] 1 [PackageName] WindowsEditor [ProjectName] Editor" joined multi-casting on [225.0.0.222:54997]...

Player connection [12348] Host "[IP] 192.168.1.33 [Port] 0 [Flags] 2 [Guid] 326315081 [EditorId] 326315081 [Version] 1048832 [Id] WindowsEditor(7,DESKTOP-RNGMGIT) [Debug] 1 [PackageName] WindowsEditor [ProjectName] Editor" joined alternative multi-casting on [225.0.0.222:34997]...

Refreshing native plugins compatible for Editor in 7.40 ms, found 3 plugins.
Preloading 0 native plugins for Editor in 0.00 ms.
Initialize engine version: 2022.3.7f1 (b16b3b16c7a0)
[Subsystems] Discovering subsystems at path D:/Unity/2022.3.7f1/Editor/Data/Resources/UnitySubsystems
[Subsystems] Discovering subsystems at path C:/Users/fits/kebapci/Assets
GfxDevice: creating device client; threaded=0; jobified=0
Direct3D:
    Version:  Direct3D 11.0 [level 11.1]
    Renderer: AMD Radeon RX 6900 XT (ID=0x73bf)
    Vendor:   ATI
    VRAM:     16337 MB
    Driver:   31.0.21023.2010
Initialize mono
Mono path[0] = 'D:/Unity/2022.3.7f1/Editor/Data/Managed'
Mono path[1] = 'D:/Unity/2022.3.7f1/Editor/Data/MonoBleedingEdge/lib/mono/unityjit-win32'
Mono config path = 'D:/Unity/2022.3.7f1/Editor/Data/MonoBleedingEdge/etc'
Using monoOptions --debugger-agent=transport=dt_socket,embedding=1,server=y,suspend=n,address=127.0.0.1:56256
Begin MonoManager ReloadAssembly
Registering precompiled unity dll's ...
Register platform support module: D:/Unity/2022.3.7f1/Editor/Data/PlaybackEngines/WebGLSupport/UnityEditor.WebGL.Extensions.dll
Register platform support module: D:/Unity/2022.3.7f1/Editor/Data/PlaybackEngines/AndroidPlayer/UnityEditor.Android.Extensions.dll
Register platform support module: D:/Unity/2022.3.7f1/Editor/Data/PlaybackEngines/iOSSupport/UnityEditor.iOS.Extensions.dll
Register platform support module: D:/Unity/2022.3.7f1/Editor/Data/PlaybackEngines/WindowsStandaloneSupport/UnityEditor.WindowsStandalone.Extensions.dll
Registered in 0.004526 seconds.
- Loaded All Assemblies, in  0.223 seconds
Native extension for WindowsStandalone target not found
[usbmuxd] Start listen thread
[usbmuxd] Listen thread started
Native extension for iOS target not found
Native extension for Android target not found
Android Extension - Scanning For ADB Devices 158 ms
Native extension for WebGL target not found
Mono: successfully reloaded assembly
- Finished resetting the current domain, in  0.375 seconds
Domain Reload Profiling: 598ms
	BeginReloadAssembly (67ms)
		ExecutionOrderSort (0ms)
		DisableScriptedObjects (0ms)
		BackupInstance (0ms)
		ReleaseScriptingObjects (0ms)
		CreateAndSetChildDomain (0ms)
	RebuildCommonClasses (23ms)
	RebuildNativeTypeToScriptingClass (8ms)
	initialDomainReloadingComplete (35ms)
	LoadAllAssembliesAndSetupDomain (91ms)
		LoadAssemblies (67ms)
		RebuildTransferFunctionScriptingTraits (0ms)
		AnalyzeDomain (89ms)
			TypeCache.Refresh (88ms)
				TypeCache.ScanAssembly (80ms)
			ScanForSourceGeneratedMonoScriptInfo (0ms)
			ResolveRequiredComponents (0ms)
	FinalizeReload (375ms)
		ReleaseScriptCaches (0ms)
		RebuildScriptCaches (0ms)
		SetupLoadedEditorAssemblies (337ms)
			LogAssemblyErrors (0ms)
			InitializePlatformSupportModulesInManaged (237ms)
			SetLoadedEditorAssemblies (3ms)
			RefreshPlugins (0ms)
			BeforeProcessingInitializeOnLoad (1ms)
			ProcessInitializeOnLoadAttributes (67ms)
			ProcessInitializeOnLoadMethodAttributes (30ms)
			AfterProcessingInitializeOnLoad (0ms)
			EditorAssembliesLoaded (0ms)
		ExecutionOrderSort2 (0ms)
		AwakeInstancesAfterBackupRestoration (0ms)
========================================================================
Worker process is ready to serve import requests
Begin MonoManager ReloadAssembly
Symbol file LoadedFromMemory doesn't match image C:\Users\fits\kebapci\Library\PackageCache\com.unity.visualscripting@1.8.0\Editor\VisualScripting.Core\Dependencies\YamlDotNet\Unity.VisualScripting.YamlDotNet.dll
Symbol file LoadedFromMemory doesn't match image C:\Users\fits\kebapci\Library\PackageCache\com.unity.visualscripting@1.8.0\Editor\VisualScripting.Core\Dependencies\DotNetZip\Unity.VisualScripting.IonicZip.dll
- Loaded All Assemblies, in  0.402 seconds
Refreshing native plugins compatible for Editor in 1.95 ms, found 3 plugins.
Native extension for WindowsStandalone target not found
Native extension for iOS target not found
Native extension for Android target not found
Native extension for WebGL target not found
Package Manager log level set to [2]
[Package Manager] Server::EnsureServerProcessIsRunning -- launch failed, reason: Unity was launched with the -noUpm command-line argument
[Package Manager] UpmClient::Send -- Unable to send message (not connected to UPM process).
[Package Manager] Cannot connect to Unity Package Manager local server
Mono: successfully reloaded assembly
- Finished resetting the current domain, in  0.435 seconds
Domain Reload Profiling: 836ms
	BeginReloadAssembly (94ms)
		ExecutionOrderSort (0ms)
		DisableScriptedObjects (4ms)
		BackupInstance (0ms)
		ReleaseScriptingObjects (0ms)
		CreateAndSetChildDomain (15ms)
	RebuildCommonClasses (21ms)
	RebuildNativeTypeToScriptingClass (7ms)
	initialDomainReloadingComplete (26ms)
	LoadAllAssembliesAndSetupDomain (253ms)
		LoadAssemblies (181ms)
		RebuildTransferFunctionScriptingTraits (0ms)
		AnalyzeDomain (125ms)
			TypeCache.Refresh (110ms)
				TypeCache.ScanAssembly (99ms)
			ScanForSourceGeneratedMonoScriptInfo (11ms)
			ResolveRequiredComponents (3ms)
	FinalizeReload (435ms)
		ReleaseScriptCaches (0ms)
		RebuildScriptCaches (0ms)
		SetupLoadedEditorAssemblies (331ms)
			LogAssemblyErrors (0ms)
			InitializePlatformSupportModulesInManaged (22ms)
			SetLoadedEditorAssemblies (3ms)
			RefreshPlugins (0ms)
			BeforeProcessingInitializeOnLoad (46ms)
			ProcessInitializeOnLoadAttributes (247ms)
			ProcessInitializeOnLoadMethodAttributes (12ms)
			AfterProcessingInitializeOnLoad (2ms)
			EditorAssembliesLoaded (0ms)
		ExecutionOrderSort2 (0ms)
		AwakeInstancesAfterBackupRestoration (4ms)
Launched and connected shader compiler UnityShaderCompiler.exe after 0.03 seconds
Refreshing native plugins compatible for Editor in 1.88 ms, found 3 plugins.
Preloading 0 native plugins for Editor in 0.00 ms.
Unloading 3791 Unused Serialized files (Serialized files now loaded: 0)
Unloading 64 unused Assets / (1.4 MB). Loaded Objects now: 4254.
Memory consumption went from 150.5 MB to 149.2 MB.
Total: 2.661300 ms (FindLiveObjects: 0.176600 ms CreateObjectMapping: 0.093000 ms MarkObjects: 2.135000 ms  DeleteObjects: 0.256000 ms)

AssetImportParameters requested are different than current active one (requested -> active):
  custom:container-demuxer-ogg: 62fdf1f143b41e24485cea50d1cbac27 -> 
  custom:video-decoder-ogg-theora: a1e56fd34408186e4bbccfd4996cb3dc -> 
  custom:framework-win-MediaFoundation: 216162199b28c13a410421893ffa2e32 -> 
  custom:CustomObjectIndexerAttribute: 756ad292c208cfabdd7b50bc23989ffe -> 
  custom:container-demuxer-webm: 4f35f7cbe854078d1ac9338744f61a02 -> 
  custom:container-muxer-webm: aa71ff27fc2769a1b78a27578f13a17b -> 
  custom:video-decoder-webm-vp8: 9c59270c3fd7afecdb556c50c9e8de78 -> 
  custom:SearchIndexIgnoredProperties: e643bd26f0fe6173181afceb89e7c659 -> 
  custom:AudioImporter_EditorPlatform: d09bf68614088b80899f8185d706f6e7 -> 
  custom:video-encoder-webm-vp8: eb34c28f22e8b96e1ab97ce403110664 -> 
  custom:audio-decoder-ogg-vorbis: bf7c407c2cedff20999df2af8eb42d56 -> 
  custom:audio-encoder-webm-vorbis: bf7c407c2cedff20999df2af8eb42d56 -> 
========================================================================
Received Import Request.
  Time since last request: 196958.675711 seconds.
  path: Assets/Brick Project Studio/Fast Food Restaurant Kit/_Prefabs/Props/Tray Setup/Tray_01_Setup_03.prefab
  artifactKey: Guid(84c8c2118345b9540bd9d13ef487b00f) Importer(815301076,1909f56bfc062723c751e8b465ee728b)
Start importing Assets/Brick Project Studio/Fast Food Restaurant Kit/_Prefabs/Props/Tray Setup/Tray_01_Setup_03.prefab using Guid(84c8c2118345b9540bd9d13ef487b00f) Importer(815301076,1909f56bfc062723c751e8b465ee728b)  -> (artifact id: 'a02ba2dabc6c57d64991c10e4f2b15ce') in 0.103045 seconds
Number of updated asset objects reloaded before import = 0
Number of asset objects unloaded after import = 241
========================================================================
Received Import Request.
  Time since last request: 1.961649 seconds.
  path: Assets/Brick Project Studio/Fast Food Restaurant Kit/_Prefabs/Props/Lamps/FFK_Lamp_Ceiling_02_02.prefab
  artifactKey: Guid(228c3c0cdb5ccaf439f341dfc8616c64) Importer(815301076,1909f56bfc062723c751e8b465ee728b)
Start importing Assets/Brick Project Studio/Fast Food Restaurant Kit/_Prefabs/Props/Lamps/FFK_Lamp_Ceiling_02_02.prefab using Guid(228c3c0cdb5ccaf439f341dfc8616c64) Importer(815301076,1909f56bfc062723c751e8b465ee728b)  -> (artifact id: '589306d7edd7c0006874bf6d84ba6520') in 0.010684 seconds
Number of updated asset objects reloaded before import = 0
Number of asset objects unloaded after import = 21
========================================================================
Received Import Request.
  Time since last request: 0.000011 seconds.
  path: Assets/Brick Project Studio/Fast Food Restaurant Kit/_Prefabs/Props/Lamps/FFK_Lamp_Ceiling_02_03.prefab
  artifactKey: Guid(4e97fe3bb7bcec74b90ae10bb3302b92) Importer(815301076,1909f56bfc062723c751e8b465ee728b)
Start importing Assets/Brick Project Studio/Fast Food Restaurant Kit/_Prefabs/Props/Lamps/FFK_Lamp_Ceiling_02_03.prefab using Guid(4e97fe3bb7bcec74b90ae10bb3302b92) Importer(815301076,1909f56bfc062723c751e8b465ee728b)  -> (artifact id: '6743c940773c24b93402e4bfb19d7a39') in 0.010224 seconds
Number of updated asset objects reloaded before import = 0
Number of asset objects unloaded after import = 21
========================================================================
Received Import Request.
  Time since last request: 5.568104 seconds.
  path: Assets/Brick Project Studio/Fast Food Restaurant Kit/_Prefabs/Props/Electronics/FFK_PaymentMachine_01_01.prefab
  artifactKey: Guid(6a58f0254abdbe94db5f990ed95d9817) Importer(815301076,1909f56bfc062723c751e8b465ee728b)
Start importing Assets/Brick Project Studio/Fast Food Restaurant Kit/_Prefabs/Props/Electronics/FFK_PaymentMachine_01_01.prefab using Guid(6a58f0254abdbe94db5f990ed95d9817) Importer(815301076,1909f56bfc062723c751e8b465ee728b)  -> (artifact id: 'b5a49f2a351aaaa5390b2b1723b9e72d') in 0.021181 seconds
Number of updated asset objects reloaded before import = 0
Number of asset objects unloaded after import = 32
========================================================================
Received Import Request.
  Time since last request: 0.000015 seconds.
  path: Assets/Brick Project Studio/Fast Food Restaurant Kit/_Prefabs/Props/Electronics/FFK_ReceiptPrinter_01_01.prefab
  artifactKey: Guid(229d90e951634f543b0a9e106dc0ee37) Importer(815301076,1909f56bfc062723c751e8b465ee728b)
Start importing Assets/Brick Project Studio/Fast Food Restaurant Kit/_Prefabs/Props/Electronics/FFK_ReceiptPrinter_01_01.prefab using Guid(229d90e951634f543b0a9e106dc0ee37) Importer(815301076,1909f56bfc062723c751e8b465ee728b)  -> (artifact id: '76ed0198c384eccab52f37e93d75c12c') in 0.026356 seconds
Number of updated asset objects reloaded before import = 0
Number of asset objects unloaded after import = 17
========================================================================
Received Import Request.
  Time since last request: 12.492460 seconds.
  path: Assets/Brick Project Studio/Fast Food Restaurant Kit/_Prefabs/Fast Food Build Kit/Divider/FFK_Divider_01_03_01.prefab
  artifactKey: Guid(b6d1decebc983ca4493e066e6e666e9c) Importer(815301076,1909f56bfc062723c751e8b465ee728b)
Start importing Assets/Brick Project Studio/Fast Food Restaurant Kit/_Prefabs/Fast Food Build Kit/Divider/FFK_Divider_01_03_01.prefab using Guid(b6d1decebc983ca4493e066e6e666e9c) Importer(815301076,1909f56bfc062723c751e8b465ee728b)  -> (artifact id: '02348ad88e8e7ef8ab40e8bead223781') in 0.035787 seconds
Number of updated asset objects reloaded before import = 0
Number of asset objects unloaded after import = 18
========================================================================
Received Import Request.
  Time since last request: 0.000018 seconds.
  path: Assets/Brick Project Studio/Fast Food Restaurant Kit/_Prefabs/Fast Food Build Kit/Divider/FFK_Divider_05_01_01.prefab
  artifactKey: Guid(35f4cfc8a1829e041b57257c96c85b7b) Importer(815301076,1909f56bfc062723c751e8b465ee728b)
Start importing Assets/Brick Project Studio/Fast Food Restaurant Kit/_Prefabs/Fast Food Build Kit/Divider/FFK_Divider_05_01_01.prefab using Guid(35f4cfc8a1829e041b57257c96c85b7b) Importer(815301076,1909f56bfc062723c751e8b465ee728b)  -> (artifact id: 'dff2bd64c97aad48647bbaae832a4e32') in 0.014120 seconds
Number of updated asset objects reloaded before import = 0
Number of asset objects unloaded after import = 10
========================================================================
Received Import Request.
  Time since last request: 0.000011 seconds.
  path: Assets/Brick Project Studio/Fast Food Restaurant Kit/_Prefabs/Fast Food Build Kit/Divider/FFK_Divider_03_01_01.prefab
  artifactKey: Guid(6475c5ebe5d06934496f4fd62a8d10f1) Importer(815301076,1909f56bfc062723c751e8b465ee728b)
Start importing Assets/Brick Project Studio/Fast Food Restaurant Kit/_Prefabs/Fast Food Build Kit/Divider/FFK_Divider_03_01_01.prefab using Guid(6475c5ebe5d06934496f4fd62a8d10f1) Importer(815301076,1909f56bfc062723c751e8b465ee728b)  -> (artifact id: '5e2cf0d31426925af718e0cdf297ec0b') in 0.016434 seconds
Number of updated asset objects reloaded before import = 0
Number of asset objects unloaded after import = 23
========================================================================
Received Import Request.
  Time since last request: 0.000013 seconds.
  path: Assets/Brick Project Studio/Fast Food Restaurant Kit/_Prefabs/Fast Food Build Kit/Divider/FFK_Divider_04_01_01.prefab
  artifactKey: Guid(ee2635db75bc940418f56e97399caf59) Importer(815301076,1909f56bfc062723c751e8b465ee728b)
Start importing Assets/Brick Project Studio/Fast Food Restaurant Kit/_Prefabs/Fast Food Build Kit/Divider/FFK_Divider_04_01_01.prefab using Guid(ee2635db75bc940418f56e97399caf59) Importer(815301076,1909f56bfc062723c751e8b465ee728b)  -> (artifact id: 'f5ada8cf5051e8a80a8e67271cc4df2e') in 0.015142 seconds
Number of updated asset objects reloaded before import = 0
Number of asset objects unloaded after import = 16
========================================================================
Received Import Request.
  Time since last request: 1.346858 seconds.
  path: Assets/Brick Project Studio/Fast Food Restaurant Kit/_Prefabs/Fast Food Build Kit/Floors Walls Ceiling Doors/Int_FFK_01_Ceiling_01.prefab
  artifactKey: Guid(cc2c18e189d423749bcb27809650683d) Importer(815301076,1909f56bfc062723c751e8b465ee728b)
Start importing Assets/Brick Project Studio/Fast Food Restaurant Kit/_Prefabs/Fast Food Build Kit/Floors Walls Ceiling Doors/Int_FFK_01_Ceiling_01.prefab using Guid(cc2c18e189d423749bcb27809650683d) Importer(815301076,1909f56bfc062723c751e8b465ee728b)  -> (artifact id: '791b93974d555e55097992a540efcf91') in 0.022724 seconds
Number of updated asset objects reloaded before import = 0
Number of asset objects unloaded after import = 11
========================================================================
Received Import Request.
  Time since last request: 0.000014 seconds.
  path: Assets/Brick Project Studio/Fast Food Restaurant Kit/_Prefabs/Fast Food Build Kit/Floors Walls Ceiling Doors/Int_FFK_01_Pillar_1x1.prefab
  artifactKey: Guid(daf771e386ae656448a07b80e089a424) Importer(815301076,1909f56bfc062723c751e8b465ee728b)
Start importing Assets/Brick Project Studio/Fast Food Restaurant Kit/_Prefabs/Fast Food Build Kit/Floors Walls Ceiling Doors/Int_FFK_01_Pillar_1x1.prefab using Guid(daf771e386ae656448a07b80e089a424) Importer(815301076,1909f56bfc062723c751e8b465ee728b)  -> (artifact id: '70e7800040e23ee7cfa58a78b85ce791') in 0.018320 seconds
Number of updated asset objects reloaded before import = 0
Number of asset objects unloaded after import = 11
========================================================================
Received Import Request.
  Time since last request: 0.000013 seconds.
  path: Assets/Brick Project Studio/Fast Food Restaurant Kit/_Prefabs/Fast Food Build Kit/Floors Walls Ceiling Doors/Int_FFK_01_Pillar_3x3.prefab
  artifactKey: Guid(dfd41a3a09e3e4e4fbe77fcbc822bc39) Importer(815301076,1909f56bfc062723c751e8b465ee728b)
Start importing Assets/Brick Project Studio/Fast Food Restaurant Kit/_Prefabs/Fast Food Build Kit/Floors Walls Ceiling Doors/Int_FFK_01_Pillar_3x3.prefab using Guid(dfd41a3a09e3e4e4fbe77fcbc822bc39) Importer(815301076,1909f56bfc062723c751e8b465ee728b)  -> (artifact id: '7bb612414c3017edb8f84d3004c3afc0') in 0.020247 seconds
Number of updated asset objects reloaded before import = 0
Number of asset objects unloaded after import = 11
========================================================================
Received Import Request.
  Time since last request: 0.000010 seconds.
  path: Assets/Brick Project Studio/Fast Food Restaurant Kit/_Prefabs/Fast Food Build Kit/Floors Walls Ceiling Doors/Int_FFK_01_Wall_01.prefab
  artifactKey: Guid(e0f2df96b7a2b1b4eb0445c0a3be5515) Importer(815301076,1909f56bfc062723c751e8b465ee728b)
Start importing Assets/Brick Project Studio/Fast Food Restaurant Kit/_Prefabs/Fast Food Build Kit/Floors Walls Ceiling Doors/Int_FFK_01_Wall_01.prefab using Guid(e0f2df96b7a2b1b4eb0445c0a3be5515) Importer(815301076,1909f56bfc062723c751e8b465ee728b)  -> (artifact id: 'de9c6a401305afd7de55ce1b29f5e9a2') in 0.018439 seconds
Number of updated asset objects reloaded before import = 0
Number of asset objects unloaded after import = 11
========================================================================
Received Import Request.
  Time since last request: 0.000021 seconds.
  path: Assets/Brick Project Studio/Fast Food Restaurant Kit/_Prefabs/Fast Food Build Kit/Floors Walls Ceiling Doors/Int_FFK_01_Floor_01.prefab
  artifactKey: Guid(3c0b460c20e5c954d8523df4157882d1) Importer(815301076,1909f56bfc062723c751e8b465ee728b)
Start importing Assets/Brick Project Studio/Fast Food Restaurant Kit/_Prefabs/Fast Food Build Kit/Floors Walls Ceiling Doors/Int_FFK_01_Floor_01.prefab using Guid(3c0b460c20e5c954d8523df4157882d1) Importer(815301076,1909f56bfc062723c751e8b465ee728b)  -> (artifact id: '75c4caaa746fc68eb6e2a319ef48a249') in 0.016904 seconds
Number of updated asset objects reloaded before import = 0
Number of asset objects unloaded after import = 11
========================================================================
Received Import Request.
  Time since last request: 2.026990 seconds.
  path: Assets/Brick Project Studio/Fast Food Restaurant Kit/_Prefabs/Fast Food Build Kit/Int_Ext/ExtInt_FFK_Wall_01_01.prefab
  artifactKey: Guid(8ac7ecdbda8cff84cac06dc1b9b33100) Importer(815301076,1909f56bfc062723c751e8b465ee728b)
Start importing Assets/Brick Project Studio/Fast Food Restaurant Kit/_Prefabs/Fast Food Build Kit/Int_Ext/ExtInt_FFK_Wall_01_01.prefab using Guid(8ac7ecdbda8cff84cac06dc1b9b33100) Importer(815301076,1909f56bfc062723c751e8b465ee728b)  -> (artifact id: '0622301aa8f00e879cea08216ab61153') in 0.064405 seconds
Number of updated asset objects reloaded before import = 0
Number of asset objects unloaded after import = 25
Editor requested this worker to shutdown with reason: Scaling down because of idle timeout
TcpMessagingSession - receive error: operation aborted. errorcode: 995, details: The I/O operation has been aborted because of either a thread exit or an application request.
AssetImportWorker is now disconnected from the server
Process exiting
Exiting without the bug reporter. Application will terminate with return code 0